{"/Users/nicolasnollomont/Desktop/REMOTE-DEV/robofriends2/src/actions.js": {"path":"/Users/nicolasnollomont/Desktop/REMOTE-DEV/robofriends2/src/actions.js","statementMap":{"0":{"start":{"line":1,"column":0},"end":{"line":null,"column":-1}},"1":{"start":{"line":6,"column":31},"end":{"line":6,"column":7}},"2":{"start":{"line":6,"column":41},"end":{"line":6,"column":30}},"3":{"start":{"line":11,"column":29},"end":{"line":11,"column":7}},"4":{"start":{"line":11,"column":36},"end":{"line":11,"column":7}},"5":{"start":{"line":12,"column":1},"end":{"line":null,"column":-1}},"6":{"start":{"line":13,"column":1},"end":{"line":null,"column":-1}},"7":{"start":{"line":14,"column":22},"end":{"line":13,"column":1}},"8":{"start":{"line":15,"column":18},"end":{"line":13,"column":1}},"9":{"start":{"line":16,"column":20},"end":{"line":13,"column":1}}},"fnMap":{"0":{"name":"(anonymous_0)","decl":{"start":{"line":6,"column":31},"end":{"line":6,"column":29}},"loc":{"start":{"line":6,"column":41},"end":{"line":6,"column":30}}},"1":{"name":"(anonymous_1)","decl":{"start":{"line":11,"column":29},"end":{"line":11,"column":35}},"loc":{"start":{"line":11,"column":36},"end":{"line":11,"column":7}}},"2":{"name":"(anonymous_2)","decl":{"start":{"line":11,"column":36},"end":{"line":11,"column":34}},"loc":{"start":{"line":11,"column":49},"end":{"line":11,"column":7}}},"3":{"name":"(anonymous_3)","decl":{"start":{"line":14,"column":10},"end":{"line":14,"column":17}},"loc":{"start":{"line":14,"column":22},"end":{"line":13,"column":1}}},"4":{"name":"(anonymous_4)","decl":{"start":{"line":15,"column":10},"end":{"line":15,"column":13}},"loc":{"start":{"line":15,"column":18},"end":{"line":13,"column":1}}},"5":{"name":"(anonymous_5)","decl":{"start":{"line":16,"column":11},"end":{"line":16,"column":15}},"loc":{"start":{"line":16,"column":20},"end":{"line":13,"column":1}}}},"branchMap":{},"s":{"0":0,"1":0,"2":0,"3":0,"4":0,"5":0,"6":0,"7":0,"8":0,"9":0},"f":{"0":0,"1":0,"2":0,"3":0,"4":0,"5":0},"b":{}}
,"/Users/nicolasnollomont/Desktop/REMOTE-DEV/robofriends2/src/constants.js": {"path":"/Users/nicolasnollomont/Desktop/REMOTE-DEV/robofriends2/src/constants.js","statementMap":{"0":{"start":{"line":1,"column":34},"end":{"line":1,"column":54}},"1":{"start":{"line":3,"column":38},"end":{"line":3,"column":62}},"2":{"start":{"line":4,"column":38},"end":{"line":4,"column":62}},"3":{"start":{"line":5,"column":36},"end":{"line":5,"column":59}}},"fnMap":{},"branchMap":{},"s":{"0":1,"1":1,"2":1,"3":1},"f":{},"b":{},"_coverageSchema":"332fd63041d2c1bcb487cc26dd0d5f7d97098a6c","hash":"bfe53fc8d48c2aa7ad2b343895f25064627efac8"}
,"/Users/nicolasnollomont/Desktop/REMOTE-DEV/robofriends2/src/index.js": {"path":"/Users/nicolasnollomont/Desktop/REMOTE-DEV/robofriends2/src/index.js","statementMap":{"0":{"start":{"line":1,"column":0},"end":{"line":null,"column":-1}},"1":{"start":{"line":2,"column":0},"end":{"line":null,"column":-1}},"2":{"start":{"line":3,"column":0},"end":{"line":null,"column":-1}},"3":{"start":{"line":4,"column":0},"end":{"line":null,"column":-1}},"4":{"start":{"line":5,"column":0},"end":{"line":null,"column":-1}},"5":{"start":{"line":6,"column":0},"end":{"line":null,"column":-1}},"6":{"start":{"line":7,"column":0},"end":{"line":null,"column":-1}},"7":{"start":{"line":8,"column":0},"end":{"line":null,"column":-1}},"8":{"start":{"line":9,"column":0},"end":{"line":null,"column":-1}},"9":{"start":{"line":10,"column":0},"end":{"line":null,"column":-1}},"10":{"start":{"line":11,"column":0},"end":{"line":null,"column":-1}},"11":{"start":{"line":13,"column":20},"end":{"line":13,"column":0}},"12":{"start":{"line":14,"column":15},"end":{"line":14,"column":0}},"13":{"start":{"line":15,"column":14},"end":{"line":15,"column":0}},"14":{"start":{"line":17,"column":0},"end":{"line":null,"column":-1}},"15":{"start":{"line":21,"column":0},"end":{"line":null,"column":-1}}},"fnMap":{},"branchMap":{},"s":{"0":0,"1":0,"2":0,"3":0,"4":0,"5":0,"6":0,"7":0,"8":0,"9":0,"10":0,"11":0,"12":0,"13":0,"14":0,"15":0},"f":{},"b":{}}
,"/Users/nicolasnollomont/Desktop/REMOTE-DEV/robofriends2/src/reducers.js": {"path":"/Users/nicolasnollomont/Desktop/REMOTE-DEV/robofriends2/src/reducers.js","statementMap":{"0":{"start":{"line":6,"column":27},"end":{"line":8,"column":1}},"1":{"start":{"line":10,"column":28},"end":{"line":17,"column":1}},"2":{"start":{"line":11,"column":1},"end":{"line":16,"column":2}},"3":{"start":{"line":13,"column":3},"end":{"line":13,"column":51}},"4":{"start":{"line":15,"column":3},"end":{"line":15,"column":16}},"5":{"start":{"line":19,"column":27},"end":{"line":23,"column":1}},"6":{"start":{"line":25,"column":28},"end":{"line":37,"column":1}},"7":{"start":{"line":26,"column":1},"end":{"line":36,"column":2}},"8":{"start":{"line":28,"column":2},"end":{"line":28,"column":37}},"9":{"start":{"line":30,"column":2},"end":{"line":30,"column":61}},"10":{"start":{"line":32,"column":2},"end":{"line":32,"column":60}},"11":{"start":{"line":34,"column":2},"end":{"line":34,"column":15}}},"fnMap":{"0":{"name":"(anonymous_0)","decl":{"start":{"line":10,"column":28},"end":{"line":10,"column":29}},"loc":{"start":{"line":10,"column":69},"end":{"line":17,"column":1}},"line":10},"1":{"name":"(anonymous_1)","decl":{"start":{"line":25,"column":28},"end":{"line":25,"column":29}},"loc":{"start":{"line":25,"column":69},"end":{"line":37,"column":1}},"line":25}},"branchMap":{"0":{"loc":{"start":{"line":10,"column":29},"end":{"line":10,"column":53}},"type":"default-arg","locations":[{"start":{"line":10,"column":35},"end":{"line":10,"column":53}}],"line":10},"1":{"loc":{"start":{"line":10,"column":55},"end":{"line":10,"column":64}},"type":"default-arg","locations":[{"start":{"line":10,"column":62},"end":{"line":10,"column":64}}],"line":10},"2":{"loc":{"start":{"line":11,"column":1},"end":{"line":16,"column":2}},"type":"switch","locations":[{"start":{"line":12,"column":2},"end":{"line":13,"column":51}},{"start":{"line":14,"column":2},"end":{"line":15,"column":16}}],"line":11},"3":{"loc":{"start":{"line":25,"column":29},"end":{"line":25,"column":53}},"type":"default-arg","locations":[{"start":{"line":25,"column":35},"end":{"line":25,"column":53}}],"line":25},"4":{"loc":{"start":{"line":25,"column":55},"end":{"line":25,"column":64}},"type":"default-arg","locations":[{"start":{"line":25,"column":62},"end":{"line":25,"column":64}}],"line":25},"5":{"loc":{"start":{"line":26,"column":1},"end":{"line":36,"column":2}},"type":"switch","locations":[{"start":{"line":27,"column":2},"end":{"line":28,"column":37}},{"start":{"line":29,"column":2},"end":{"line":30,"column":61}},{"start":{"line":31,"column":2},"end":{"line":32,"column":60}},{"start":{"line":33,"column":2},"end":{"line":34,"column":15}}],"line":26}},"s":{"0":1,"1":1,"2":2,"3":1,"4":1,"5":1,"6":1,"7":4,"8":1,"9":1,"10":1,"11":1},"f":{"0":2,"1":4},"b":{"0":[1],"1":[0],"2":[1,1],"3":[1],"4":[0],"5":[1,1,1,1]},"_coverageSchema":"332fd63041d2c1bcb487cc26dd0d5f7d97098a6c","hash":"3c15d54ea94418cc8400a95f78274bf885dbf608"}
,"/Users/nicolasnollomont/Desktop/REMOTE-DEV/robofriends2/src/registerServiceWorker.js": {"path":"/Users/nicolasnollomont/Desktop/REMOTE-DEV/robofriends2/src/registerServiceWorker.js","statementMap":{"0":{"start":{"line":11,"column":20},"end":{"line":11,"column":0}},"1":{"start":{"line":22,"column":2},"end":{"line":52,"column":3}},"2":{"start":{"line":24,"column":22},"end":{"line":24,"column":4}},"3":{"start":{"line":25,"column":4},"end":{"line":30,"column":5}},"4":{"start":{"line":29,"column":6},"end":{"line":null,"column":-1}},"5":{"start":{"line":32,"column":4},"end":{"line":null,"column":-1}},"6":{"start":{"line":33,"column":21},"end":{"line":33,"column":6}},"7":{"start":{"line":35,"column":6},"end":{"line":50,"column":7}},"8":{"start":{"line":37,"column":8},"end":{"line":35,"column":23}},"9":{"start":{"line":41,"column":8},"end":{"line":null,"column":-1}},"10":{"start":{"line":42,"column":10},"end":{"line":null,"column":-1}},"11":{"start":{"line":49,"column":8},"end":{"line":null,"column":-1}},"12":{"start":{"line":56,"column":2},"end":{"line":null,"column":-1}},"13":{"start":{"line":59,"column":6},"end":{"line":null,"column":-1}},"14":{"start":{"line":60,"column":33},"end":{"line":60,"column":8}},"15":{"start":{"line":61,"column":8},"end":{"line":null,"column":-1}},"16":{"start":{"line":62,"column":10},"end":{"line":75,"column":11}},"17":{"start":{"line":63,"column":12},"end":{"line":74,"column":13}},"18":{"start":{"line":68,"column":14},"end":{"line":null,"column":-1}},"19":{"start":{"line":73,"column":14},"end":{"line":null,"column":-1}},"20":{"start":{"line":80,"column":6},"end":{"line":null,"column":-1}},"21":{"start":{"line":86,"column":2},"end":{"line":null,"column":-1}},"22":{"start":{"line":89,"column":6},"end":{"line":102,"column":7}},"23":{"start":{"line":94,"column":8},"end":{"line":null,"column":-1}},"24":{"start":{"line":95,"column":10},"end":{"line":null,"column":-1}},"25":{"start":{"line":96,"column":12},"end":{"line":null,"column":-1}},"26":{"start":{"line":101,"column":8},"end":{"line":null,"column":-1}},"27":{"start":{"line":105,"column":6},"end":{"line":null,"column":-1}},"28":{"start":{"line":112,"column":2},"end":{"line":116,"column":3}},"29":{"start":{"line":113,"column":4},"end":{"line":null,"column":-1}},"30":{"start":{"line":114,"column":6},"end":{"line":null,"column":-1}}},"fnMap":{"0":{"name":"register","decl":{"start":{"line":21,"column":24},"end":{"line":21,"column":15}},"loc":{"start":{"line":21,"column":35},"end":{"line":53,"column":1}}},"1":{"name":"(anonymous_1)","decl":{"start":{"line":32,"column":36},"end":{"line":32,"column":41}},"loc":{"start":{"line":32,"column":42},"end":{"line":32,"column":4}}},"2":{"name":"(anonymous_2)","decl":{"start":{"line":41,"column":43},"end":{"line":41,"column":48}},"loc":{"start":{"line":41,"column":49},"end":{"line":41,"column":8}}},"3":{"name":"registerValidSW","decl":{"start":{"line":55,"column":9},"end":{"line":55,"column":0}},"loc":{"start":{"line":55,"column":32},"end":{"line":82,"column":1}}},"4":{"name":"(anonymous_4)","decl":{"start":{"line":58,"column":10},"end":{"line":58,"column":21}},"loc":{"start":{"line":58,"column":26},"end":{"line":56,"column":2}}},"5":{"name":"(anonymous_5)","decl":{"start":{"line":59,"column":35},"end":{"line":59,"column":40}},"loc":{"start":{"line":59,"column":41},"end":{"line":59,"column":6}}},"6":{"name":"(anonymous_6)","decl":{"start":{"line":61,"column":41},"end":{"line":61,"column":46}},"loc":{"start":{"line":61,"column":47},"end":{"line":61,"column":8}}},"7":{"name":"(anonymous_7)","decl":{"start":{"line":79,"column":11},"end":{"line":79,"column":15}},"loc":{"start":{"line":79,"column":20},"end":{"line":56,"column":2}}},"8":{"name":"checkValidServiceWorker","decl":{"start":{"line":84,"column":9},"end":{"line":84,"column":0}},"loc":{"start":{"line":84,"column":40},"end":{"line":109,"column":1}}},"9":{"name":"(anonymous_9)","decl":{"start":{"line":87,"column":10},"end":{"line":87,"column":17}},"loc":{"start":{"line":87,"column":22},"end":{"line":86,"column":2}}},"10":{"name":"(anonymous_10)","decl":{"start":{"line":94,"column":43},"end":{"line":94,"column":54}},"loc":{"start":{"line":94,"column":59},"end":{"line":94,"column":8}}},"11":{"name":"(anonymous_11)","decl":{"start":{"line":95,"column":41},"end":{"line":95,"column":46}},"loc":{"start":{"line":95,"column":47},"end":{"line":95,"column":10}}},"12":{"name":"(anonymous_12)","decl":{"start":{"line":104,"column":11},"end":{"line":104,"column":16}},"loc":{"start":{"line":104,"column":17},"end":{"line":86,"column":2}}},"13":{"name":"unregister","decl":{"start":{"line":111,"column":16},"end":{"line":111,"column":7}},"loc":{"start":{"line":111,"column":29},"end":{"line":117,"column":1}}},"14":{"name":"(anonymous_14)","decl":{"start":{"line":113,"column":39},"end":{"line":113,"column":50}},"loc":{"start":{"line":113,"column":55},"end":{"line":113,"column":4}}}},"branchMap":{"0":{"loc":{"start":{"line":12,"column":2},"end":{"line":12,"column":1}},"type":"binary-expr","locations":[{"start":{"line":12,"column":2},"end":{"line":12,"column":1}},{"start":{"line":14,"column":4},"end":{"line":12,"column":2}},{"start":{"line":16,"column":4},"end":{"line":11,"column":27}}]},"1":{"loc":{"start":{"line":22,"column":2},"end":{"line":52,"column":3}},"type":"if","locations":[{"start":{"line":22,"column":2},"end":{"line":52,"column":3}},{"start":{"line":22,"column":2},"end":{"line":52,"column":3}}]},"2":{"loc":{"start":{"line":22,"column":6},"end":{"line":22,"column":5}},"type":"binary-expr","locations":[{"start":{"line":22,"column":6},"end":{"line":22,"column":5}},{"start":{"line":22,"column":47},"end":{"line":22,"column":2}}]},"3":{"loc":{"start":{"line":25,"column":4},"end":{"line":30,"column":5}},"type":"if","locations":[{"start":{"line":25,"column":4},"end":{"line":30,"column":5}},{"start":{"line":25,"column":4},"end":{"line":30,"column":5}}]},"4":{"loc":{"start":{"line":35,"column":6},"end":{"line":50,"column":7}},"type":"if","locations":[{"start":{"line":35,"column":6},"end":{"line":50,"column":7}},{"start":{"line":35,"column":6},"end":{"line":50,"column":7}}]},"5":{"loc":{"start":{"line":62,"column":10},"end":{"line":75,"column":11}},"type":"if","locations":[{"start":{"line":62,"column":10},"end":{"line":75,"column":11}},{"start":{"line":62,"column":10},"end":{"line":75,"column":11}}]},"6":{"loc":{"start":{"line":63,"column":12},"end":{"line":74,"column":13}},"type":"if","locations":[{"start":{"line":63,"column":12},"end":{"line":74,"column":13}},{"start":{"line":63,"column":12},"end":{"line":74,"column":13}}]},"7":{"loc":{"start":{"line":89,"column":6},"end":{"line":102,"column":7}},"type":"if","locations":[{"start":{"line":89,"column":6},"end":{"line":102,"column":7}},{"start":{"line":89,"column":6},"end":{"line":102,"column":7}}]},"8":{"loc":{"start":{"line":90,"column":8},"end":{"line":90,"column":7}},"type":"binary-expr","locations":[{"start":{"line":90,"column":8},"end":{"line":90,"column":7}},{"start":{"line":91,"column":8},"end":{"line":89,"column":6}}]},"9":{"loc":{"start":{"line":112,"column":2},"end":{"line":116,"column":3}},"type":"if","locations":[{"start":{"line":112,"column":2},"end":{"line":116,"column":3}},{"start":{"line":112,"column":2},"end":{"line":116,"column":3}}]}},"s":{"0":0,"1":0,"2":0,"3":0,"4":0,"5":0,"6":0,"7":0,"8":0,"9":0,"10":0,"11":0,"12":0,"13":0,"14":0,"15":0,"16":0,"17":0,"18":0,"19":0,"20":0,"21":0,"22":0,"23":0,"24":0,"25":0,"26":0,"27":0,"28":0,"29":0,"30":0},"f":{"0":0,"1":0,"2":0,"3":0,"4":0,"5":0,"6":0,"7":0,"8":0,"9":0,"10":0,"11":0,"12":0,"13":0,"14":0},"b":{"0":[0,0,0],"1":[0,0],"2":[0,0],"3":[0,0],"4":[0,0],"5":[0,0],"6":[0,0],"7":[0,0],"8":[0,0],"9":[0,0]}}
,"/Users/nicolasnollomont/Desktop/REMOTE-DEV/robofriends2/src/setupTests.js": {"path":"/Users/nicolasnollomont/Desktop/REMOTE-DEV/robofriends2/src/setupTests.js","statementMap":{"0":{"start":{"line":4,"column":0},"end":{"line":4,"column":45}}},"fnMap":{},"branchMap":{},"s":{"0":9},"f":{},"b":{},"_coverageSchema":"332fd63041d2c1bcb487cc26dd0d5f7d97098a6c","hash":"7182a7f5a4e131cbd811f304f72bbec18242ee78"}
,"/Users/nicolasnollomont/Desktop/REMOTE-DEV/robofriends2/src/components/Card.js": {"path":"/Users/nicolasnollomont/Desktop/REMOTE-DEV/robofriends2/src/components/Card.js","statementMap":{"0":{"start":{"line":4,"column":13},"end":{"line":14,"column":1}},"1":{"start":{"line":5,"column":1},"end":{"line":13,"column":4}}},"fnMap":{"0":{"name":"(anonymous_0)","decl":{"start":{"line":4,"column":13},"end":{"line":4,"column":14}},"loc":{"start":{"line":4,"column":36},"end":{"line":14,"column":1}},"line":4}},"branchMap":{},"s":{"0":3,"1":1},"f":{"0":1},"b":{},"_coverageSchema":"332fd63041d2c1bcb487cc26dd0d5f7d97098a6c","hash":"3719afcd68a03ff51ba75dca714923065e73c327"}
,"/Users/nicolasnollomont/Desktop/REMOTE-DEV/robofriends2/src/components/Cardlist.js": {"path":"/Users/nicolasnollomont/Desktop/REMOTE-DEV/robofriends2/src/components/Cardlist.js","statementMap":{"0":{"start":{"line":5,"column":17},"end":{"line":22,"column":1}},"1":{"start":{"line":6,"column":1},"end":{"line":21,"column":3}},"2":{"start":{"line":10,"column":5},"end":{"line":17,"column":7}}},"fnMap":{"0":{"name":"(anonymous_0)","decl":{"start":{"line":5,"column":17},"end":{"line":5,"column":18}},"loc":{"start":{"line":5,"column":31},"end":{"line":22,"column":1}},"line":5},"1":{"name":"(anonymous_1)","decl":{"start":{"line":9,"column":15},"end":{"line":9,"column":16}},"loc":{"start":{"line":9,"column":28},"end":{"line":18,"column":5}},"line":9}},"branchMap":{},"s":{"0":2,"1":1,"2":1},"f":{"0":1,"1":1},"b":{},"_coverageSchema":"332fd63041d2c1bcb487cc26dd0d5f7d97098a6c","hash":"4c41e5d811adcf8f9c85d90f4404265292d69ff7"}
,"/Users/nicolasnollomont/Desktop/REMOTE-DEV/robofriends2/src/components/CounterButton.js": {"path":"/Users/nicolasnollomont/Desktop/REMOTE-DEV/robofriends2/src/components/CounterButton.js","statementMap":{"0":{"start":{"line":5,"column":4},"end":{"line":5,"column":17}},"1":{"start":{"line":6,"column":4},"end":{"line":8,"column":6}},"2":{"start":{"line":12,"column":4},"end":{"line":14,"column":5}},"3":{"start":{"line":13,"column":6},"end":{"line":13,"column":18}},"4":{"start":{"line":15,"column":4},"end":{"line":15,"column":17}},"5":{"start":{"line":19,"column":4},"end":{"line":27,"column":6}},"6":{"start":{"line":24,"column":23},"end":{"line":24,"column":73}},"7":{"start":{"line":24,"column":47},"end":{"line":24,"column":71}}},"fnMap":{"0":{"name":"(anonymous_0)","decl":{"start":{"line":4,"column":2},"end":{"line":4,"column":3}},"loc":{"start":{"line":4,"column":21},"end":{"line":9,"column":3}},"line":4},"1":{"name":"(anonymous_1)","decl":{"start":{"line":11,"column":2},"end":{"line":11,"column":3}},"loc":{"start":{"line":11,"column":46},"end":{"line":16,"column":3}},"line":11},"2":{"name":"(anonymous_2)","decl":{"start":{"line":18,"column":2},"end":{"line":18,"column":3}},"loc":{"start":{"line":18,"column":11},"end":{"line":28,"column":3}},"line":18},"3":{"name":"(anonymous_3)","decl":{"start":{"line":24,"column":17},"end":{"line":24,"column":18}},"loc":{"start":{"line":24,"column":23},"end":{"line":24,"column":73}},"line":24},"4":{"name":"(anonymous_4)","decl":{"start":{"line":24,"column":37},"end":{"line":24,"column":38}},"loc":{"start":{"line":24,"column":47},"end":{"line":24,"column":71}},"line":24}},"branchMap":{"0":{"loc":{"start":{"line":12,"column":4},"end":{"line":14,"column":5}},"type":"if","locations":[{"start":{"line":12,"column":4},"end":{"line":14,"column":5}},{"start":{"line":12,"column":4},"end":{"line":14,"column":5}}],"line":12}},"s":{"0":1,"1":1,"2":1,"3":1,"4":0,"5":2,"6":1,"7":1},"f":{"0":1,"1":1,"2":2,"3":1,"4":1},"b":{"0":[1,0]},"_coverageSchema":"332fd63041d2c1bcb487cc26dd0d5f7d97098a6c","hash":"f8e9294fe4136d7278c01566a2dfcb5003b0e9d9"}
,"/Users/nicolasnollomont/Desktop/REMOTE-DEV/robofriends2/src/components/ErrorBoundary.js": {"path":"/Users/nicolasnollomont/Desktop/REMOTE-DEV/robofriends2/src/components/ErrorBoundary.js","statementMap":{"0":{"start":{"line":6,"column":2},"end":{"line":6,"column":9}},"1":{"start":{"line":7,"column":2},"end":{"line":9,"column":3}},"2":{"start":{"line":13,"column":2},"end":{"line":13,"column":34}},"3":{"start":{"line":16,"column":2},"end":{"line":18,"column":23}}},"fnMap":{"0":{"name":"(anonymous_0)","decl":{"start":{"line":5,"column":1},"end":{"line":5,"column":2}},"loc":{"start":{"line":5,"column":15},"end":{"line":10,"column":2}},"line":5},"1":{"name":"(anonymous_1)","decl":{"start":{"line":12,"column":1},"end":{"line":12,"column":2}},"loc":{"start":{"line":12,"column":32},"end":{"line":14,"column":2}},"line":12},"2":{"name":"(anonymous_2)","decl":{"start":{"line":15,"column":1},"end":{"line":15,"column":2}},"loc":{"start":{"line":15,"column":10},"end":{"line":19,"column":2}},"line":15}},"branchMap":{"0":{"loc":{"start":{"line":16,"column":9},"end":{"line":18,"column":21}},"type":"cond-expr","locations":[{"start":{"line":17,"column":2},"end":{"line":17,"column":53}},{"start":{"line":18,"column":2},"end":{"line":18,"column":21}}],"line":16}},"s":{"0":1,"1":1,"2":1,"3":2},"f":{"0":1,"1":1,"2":2},"b":{"0":[1,1]},"_coverageSchema":"332fd63041d2c1bcb487cc26dd0d5f7d97098a6c","hash":"f76a669853afa5b08923e84cd86ccbd361df42c2"}
,"/Users/nicolasnollomont/Desktop/REMOTE-DEV/robofriends2/src/components/Header.js": {"path":"/Users/nicolasnollomont/Desktop/REMOTE-DEV/robofriends2/src/components/Header.js","statementMap":{"0":{"start":{"line":11,"column":4},"end":{"line":11,"column":16}},"1":{"start":{"line":14,"column":4},"end":{"line":19,"column":6}}},"fnMap":{"0":{"name":"(anonymous_0)","decl":{"start":{"line":10,"column":2},"end":{"line":10,"column":3}},"loc":{"start":{"line":10,"column":46},"end":{"line":12,"column":3}},"line":10},"1":{"name":"(anonymous_1)","decl":{"start":{"line":13,"column":2},"end":{"line":13,"column":3}},"loc":{"start":{"line":13,"column":11},"end":{"line":20,"column":3}},"line":13}},"branchMap":{},"s":{"0":1,"1":1},"f":{"0":1,"1":1},"b":{},"_coverageSchema":"332fd63041d2c1bcb487cc26dd0d5f7d97098a6c","hash":"9470db23f72ac32c9c8085a8748a4958ab91956b"}
,"/Users/nicolasnollomont/Desktop/REMOTE-DEV/robofriends2/src/components/Scroll.js": {"path":"/Users/nicolasnollomont/Desktop/REMOTE-DEV/robofriends2/src/components/Scroll.js","statementMap":{"0":{"start":{"line":4,"column":15},"end":{"line":10,"column":1}},"1":{"start":{"line":5,"column":1},"end":{"line":9,"column":2}}},"fnMap":{"0":{"name":"(anonymous_0)","decl":{"start":{"line":4,"column":15},"end":{"line":4,"column":16}},"loc":{"start":{"line":4,"column":26},"end":{"line":10,"column":1}},"line":4}},"branchMap":{},"s":{"0":2,"1":1},"f":{"0":1},"b":{},"_coverageSchema":"332fd63041d2c1bcb487cc26dd0d5f7d97098a6c","hash":"3f0f563459891de4e21dcbf418667ae75fc4129e"}
,"/Users/nicolasnollomont/Desktop/REMOTE-DEV/robofriends2/src/components/Searchbox.js": {"path":"/Users/nicolasnollomont/Desktop/REMOTE-DEV/robofriends2/src/components/Searchbox.js","statementMap":{"0":{"start":{"line":4,"column":18},"end":{"line":19,"column":1}},"1":{"start":{"line":5,"column":1},"end":{"line":18,"column":4}}},"fnMap":{"0":{"name":"(anonymous_0)","decl":{"start":{"line":4,"column":18},"end":{"line":4,"column":19}},"loc":{"start":{"line":4,"column":38},"end":{"line":19,"column":1}},"line":4}},"branchMap":{},"s":{"0":2,"1":1},"f":{"0":1},"b":{},"_coverageSchema":"332fd63041d2c1bcb487cc26dd0d5f7d97098a6c","hash":"7b5be44aa63dfb46a4b79e2ec1109edf0cfb8e79"}
,"/Users/nicolasnollomont/Desktop/REMOTE-DEV/robofriends2/src/containers/App.js": {"path":"/Users/nicolasnollomont/Desktop/REMOTE-DEV/robofriends2/src/containers/App.js","statementMap":{"0":{"start":{"line":1,"column":0},"end":{"line":null,"column":-1}},"1":{"start":{"line":2,"column":0},"end":{"line":null,"column":-1}},"2":{"start":{"line":3,"column":0},"end":{"line":null,"column":-1}},"3":{"start":{"line":4,"column":0},"end":{"line":null,"column":-1}},"4":{"start":{"line":6,"column":25},"end":{"line":6,"column":0}},"5":{"start":{"line":7,"column":2},"end":{"line":null,"column":-1}},"6":{"start":{"line":15,"column":28},"end":{"line":15,"column":0}},"7":{"start":{"line":16,"column":2},"end":{"line":null,"column":-1}},"8":{"start":{"line":17,"column":31},"end":{"line":16,"column":9}},"9":{"start":{"line":18,"column":27},"end":{"line":18,"column":35}},"10":{"start":{"line":25,"column":4},"end":{"line":null,"column":-1}}},"fnMap":{"0":{"name":"(anonymous_0)","decl":{"start":{"line":6,"column":25},"end":{"line":6,"column":23}},"loc":{"start":{"line":6,"column":35},"end":{"line":6,"column":0}}},"1":{"name":"(anonymous_1)","decl":{"start":{"line":15,"column":28},"end":{"line":15,"column":26}},"loc":{"start":{"line":15,"column":41},"end":{"line":15,"column":0}}},"2":{"name":"(anonymous_2)","decl":{"start":{"line":17,"column":21},"end":{"line":17,"column":19}},"loc":{"start":{"line":17,"column":31},"end":{"line":16,"column":9}}},"3":{"name":"(anonymous_3)","decl":{"start":{"line":18,"column":21},"end":{"line":18,"column":26}},"loc":{"start":{"line":18,"column":27},"end":{"line":18,"column":35}}},"4":{"name":"(anonymous_4)","decl":{"start":{"line":24,"column":2},"end":{"line":24,"column":7}},"loc":{"start":{"line":24,"column":11},"end":{"line":28,"column":3}}}},"branchMap":{},"s":{"0":0,"1":0,"2":0,"3":0,"4":0,"5":0,"6":0,"7":0,"8":0,"9":0,"10":0},"f":{"0":0,"1":0,"2":0,"3":0,"4":0},"b":{}}
,"/Users/nicolasnollomont/Desktop/REMOTE-DEV/robofriends2/src/containers/Mainpage.js": {"path":"/Users/nicolasnollomont/Desktop/REMOTE-DEV/robofriends2/src/containers/Mainpage.js","statementMap":{"0":{"start":{"line":12,"column":4},"end":{"line":12,"column":32}},"1":{"start":{"line":16,"column":4},"end":{"line":18,"column":7}},"2":{"start":{"line":17,"column":7},"end":{"line":17,"column":85}},"3":{"start":{"line":22,"column":49},"end":{"line":22,"column":59}},"4":{"start":{"line":23,"column":4},"end":{"line":35,"column":6}}},"fnMap":{"0":{"name":"(anonymous_0)","decl":{"start":{"line":11,"column":2},"end":{"line":11,"column":3}},"loc":{"start":{"line":11,"column":22},"end":{"line":13,"column":3}},"line":11},"1":{"name":"(anonymous_1)","decl":{"start":{"line":15,"column":19},"end":{"line":15,"column":20}},"loc":{"start":{"line":15,"column":31},"end":{"line":19,"column":6}},"line":15},"2":{"name":"(anonymous_2)","decl":{"start":{"line":16,"column":25},"end":{"line":16,"column":26}},"loc":{"start":{"line":16,"column":34},"end":{"line":18,"column":6}},"line":16},"3":{"name":"(anonymous_3)","decl":{"start":{"line":21,"column":2},"end":{"line":21,"column":3}},"loc":{"start":{"line":21,"column":11},"end":{"line":37,"column":1}},"line":21}},"branchMap":{"0":{"loc":{"start":{"line":28,"column":8},"end":{"line":31,"column":26}},"type":"cond-expr","locations":[{"start":{"line":28,"column":20},"end":{"line":28,"column":59}},{"start":{"line":29,"column":10},"end":{"line":31,"column":26}}],"line":28}},"s":{"0":2,"1":3,"2":0,"3":2,"4":2},"f":{"0":2,"1":3,"2":0,"3":2},"b":{"0":[0,2]},"_coverageSchema":"332fd63041d2c1bcb487cc26dd0d5f7d97098a6c","hash":"8c4be3feb93c53e15c3f24aedb4f71da319bf188"}
}
